# JRE version: Java(TM) SE Runtime Environment (8.0_162-b12) (build 1.8.0_162-b12)
# Java VM: Java HotSpot(TM) 64-Bit Server VM (25.162-b12 mixed mode windows-amd64 compressed oops)
Heap:
 PSYoungGen      total 182784K, used 176003K [0x0000000780800000, 0x000000078f700000, 0x00000007c0000000)
  eden space 164864K, 100% used [0x0000000780800000,0x000000078a900000,0x000000078a900000)
  from space 17920K, 62% used [0x000000078a900000,0x000000078b3e0e50,0x000000078ba80000)
  to   space 17408K, 67% used [0x000000078e600000,0x000000078f1691e0,0x000000078f700000)
 ParOldGen       total 1042944K, used 930677K [0x0000000701800000, 0x0000000741280000, 0x0000000780800000)
  object space 1042944K, 89% used [0x0000000701800000,0x000000073a4dd658,0x0000000741280000)
 Metaspace       used 42911K, capacity 44540K, committed 44800K, reserved 1087488K
  class space    used 5522K, capacity 5862K, committed 5888K, reserved 1048576K
GC Heap History (10 events):
Event: 2.534 GC heap after
Heap after GC invocations=7 (full 1):
 PSYoungGen      total 126976K, used 11232K [0x0000000780800000, 0x000000078b200000, 0x00000007c0000000)
  eden space 115712K, 0% used [0x0000000780800000,0x0000000780800000,0x0000000787900000)
  from space 11264K, 99% used [0x0000000788700000,0x00000007891f8030,0x0000000789200000)
  to   space 14336K, 0% used [0x0000000787900000,0x0000000787900000,0x0000000788700000)
 ParOldGen       total 77312K, used 12041K [0x0000000701800000, 0x0000000706380000, 0x0000000780800000)
  object space 77312K, 15% used [0x0000000701800000,0x00000007023c27d0,0x0000000706380000)
 Metaspace       used 30034K, capacity 31032K, committed 31232K, reserved 1077248K
  class space    used 4025K, capacity 4258K, committed 4352K, reserved 1048576K
}
Event: 3.992 GC heap before
{Heap before GC invocations=8 (full 1):
 PSYoungGen      total 126976K, used 85230K [0x0000000780800000, 0x000000078b200000, 0x00000007c0000000)
  eden space 115712K, 63% used [0x0000000780800000,0x0000000785043a78,0x0000000787900000)
  from space 11264K, 99% used [0x0000000788700000,0x00000007891f8030,0x0000000789200000)
  to   space 14336K, 0% used [0x0000000787900000,0x0000000787900000,0x0000000788700000)
 ParOldGen       total 77312K, used 12041K [0x0000000701800000, 0x0000000706380000, 0x0000000780800000)
  object space 77312K, 15% used [0x0000000701800000,0x00000007023c27d0,0x0000000706380000)
 Metaspace       used 34017K, capacity 35480K, committed 35496K, reserved 1079296K
  class space    used 4563K, capacity 4860K, committed 4864K, reserved 1048576K
Event: 4.005 GC heap after
Heap after GC invocations=8 (full 1):
 PSYoungGen      total 130048K, used 14308K [0x0000000780800000, 0x000000078d380000, 0x00000007c0000000)
  eden space 115712K, 0% used [0x0000000780800000,0x0000000780800000,0x0000000787900000)
  from space 14336K, 99% used [0x0000000787900000,0x00000007886f9020,0x0000000788700000)
  to   space 18944K, 0% used [0x000000078c100000,0x000000078c100000,0x000000078d380000)
 ParOldGen       total 77312K, used 16955K [0x0000000701800000, 0x0000000706380000, 0x0000000780800000)
  object space 77312K, 21% used [0x0000000701800000,0x000000070288ef60,0x0000000706380000)
 Metaspace       used 34017K, capacity 35480K, committed 35496K, reserved 1079296K
  class space    used 4563K, capacity 4860K, committed 4864K, reserved 1048576K
}
Event: 4.005 GC heap before
{Heap before GC invocations=9 (full 2):
 PSYoungGen      total 130048K, used 14308K [0x0000000780800000, 0x000000078d380000, 0x00000007c0000000)
  eden space 115712K, 0% used [0x0000000780800000,0x0000000780800000,0x0000000787900000)
  from space 14336K, 99% used [0x0000000787900000,0x00000007886f9020,0x0000000788700000)
  to   space 18944K, 0% used [0x000000078c100000,0x000000078c100000,0x000000078d380000)
 ParOldGen       total 77312K, used 16955K [0x0000000701800000, 0x0000000706380000, 0x0000000780800000)
  object space 77312K, 21% used [0x0000000701800000,0x000000070288ef60,0x0000000706380000)
 Metaspace       used 34017K, capacity 35480K, committed 35496K, reserved 1079296K
  class space    used 4563K, capacity 4860K, committed 4864K, reserved 1048576K
Event: 4.073 GC heap after
Heap after GC invocations=9 (full 2):
 PSYoungGen      total 130048K, used 0K [0x0000000780800000, 0x000000078d380000, 0x00000007c0000000)
  eden space 115712K, 0% used [0x0000000780800000,0x0000000780800000,0x0000000787900000)
  from space 14336K, 0% used [0x0000000787900000,0x0000000787900000,0x0000000788700000)
  to   space 18944K, 0% used [0x000000078c100000,0x000000078c100000,0x000000078d380000)
 ParOldGen       total 135680K, used 24363K [0x0000000701800000, 0x0000000709c80000, 0x0000000780800000)
  object space 135680K, 17% used [0x0000000701800000,0x0000000702fcae70,0x0000000709c80000)
 Metaspace       used 34017K, capacity 35480K, committed 35496K, reserved 1079296K
  class space    used 4563K, capacity 4860K, committed 4864K, reserved 1048576K
}
Event: 4.869 GC heap before
{Heap before GC invocations=10 (full 2):
 PSYoungGen      total 130048K, used 115712K [0x0000000780800000, 0x000000078d380000, 0x00000007c0000000)
  eden space 115712K, 100% used [0x0000000780800000,0x0000000787900000,0x0000000787900000)
  from space 14336K, 0% used [0x0000000787900000,0x0000000787900000,0x0000000788700000)
  to   space 18944K, 0% used [0x000000078c100000,0x000000078c100000,0x000000078d380000)
 ParOldGen       total 135680K, used 24363K [0x0000000701800000, 0x0000000709c80000, 0x0000000780800000)
  object space 135680K, 17% used [0x0000000701800000,0x0000000702fcae70,0x0000000709c80000)
 Metaspace       used 41294K, capacity 42862K, committed 43136K, reserved 1087488K
  class space    used 5344K, capacity 5657K, committed 5760K, reserved 1048576K
Event: 4.877 GC heap after
Heap after GC invocations=10 (full 2):
 PSYoungGen      total 176128K, used 9789K [0x0000000780800000, 0x000000078cc00000, 0x00000007c0000000)
  eden space 164864K, 0% used [0x0000000780800000,0x0000000780800000,0x000000078a900000)
  from space 11264K, 86% used [0x000000078c100000,0x000000078ca8f7c0,0x000000078cc00000)
  to   space 17920K, 0% used [0x000000078a900000,0x000000078a900000,0x000000078ba80000)
 ParOldGen       total 135680K, used 24379K [0x0000000701800000, 0x0000000709c80000, 0x0000000780800000)
  object space 135680K, 17% used [0x0000000701800000,0x0000000702fcee88,0x0000000709c80000)
 Metaspace       used 41294K, capacity 42862K, committed 43136K, reserved 1087488K
  class space    used 5344K, capacity 5657K, committed 5760K, reserved 1048576K
}
Event: 5.186 GC heap before
{Heap before GC invocations=11 (full 2):
 PSYoungGen      total 176128K, used 174653K [0x0000000780800000, 0x000000078cc00000, 0x00000007c0000000)
  eden space 164864K, 100% used [0x0000000780800000,0x000000078a900000,0x000000078a900000)
  from space 11264K, 86% used [0x000000078c100000,0x000000078ca8f7c0,0x000000078cc00000)
  to   space 17920K, 0% used [0x000000078a900000,0x000000078a900000,0x000000078ba80000)
 ParOldGen       total 135680K, used 24379K [0x0000000701800000, 0x0000000709c80000, 0x0000000780800000)
  object space 135680K, 17% used [0x0000000701800000,0x0000000702fcee88,0x0000000709c80000)
 Metaspace       used 41999K, capacity 43590K, committed 43904K, reserved 1087488K
  class space    used 5414K, capacity 5725K, committed 5760K, reserved 1048576K
Event: 5.194 GC heap after
Heap after GC invocations=11 (full 2):
 PSYoungGen      total 182784K, used 11139K [0x0000000780800000, 0x000000078f700000, 0x00000007c0000000)
  eden space 164864K, 0% used [0x0000000780800000,0x0000000780800000,0x000000078a900000)
  from space 17920K, 62% used [0x000000078a900000,0x000000078b3e0e50,0x000000078ba80000)
  to   space 17408K, 0% used [0x000000078e600000,0x000000078e600000,0x000000078f700000)
 ParOldGen       total 135680K, used 24387K [0x0000000701800000, 0x0000000709c80000, 0x0000000780800000)
  object space 135680K, 17% used [0x0000000701800000,0x0000000702fd0e88,0x0000000709c80000)
 Metaspace       used 41999K, capacity 43590K, committed 43904K, reserved 1087488K
  class space    used 5414K, capacity 5725K, committed 5760K, reserved 1048576K
}
Event: 5.608 GC heap before
{Heap before GC invocations=12 (full 2):
 PSYoungGen      total 182784K, used 176003K [0x0000000780800000, 0x000000078f700000, 0x00000007c0000000)
  eden space 164864K, 100% used [0x0000000780800000,0x000000078a900000,0x000000078a900000)
  from space 17920K, 62% used [0x000000078a900000,0x000000078b3e0e50,0x000000078ba80000)
  to   space 17408K, 0% used [0x000000078e600000,0x000000078e600000,0x000000078f700000)
 ParOldGen       total 135680K, used 24387K [0x0000000701800000, 0x0000000709c80000, 0x0000000780800000)
  object space 135680K, 17% used [0x0000000701800000,0x0000000702fd0e88,0x0000000709c80000)
 Metaspace       used 42911K, capacity 44540K, committed 44800K, reserved 1087488K
  class space    used 5522K, capacity 5862K, committed 5888K, reserved 1048576K

